<?xml version="1.0" encoding="UTF-8"?>
<!-- Generated by org.testng.reporters.JUnitReportReporter -->
<testsuite hostname="LNGOXFW-213550V" name="com.howtodoinjava.test.LoginPage" tests="2" failures="0" timestamp="26 Aug 2016 13:07:48 GMT" time="6.468" errors="0">
  <testcase name="loginToPage" time="6.460" classname="com.howtodoinjava.test.LoginPage"/>
  <testcase name="testGroup1" time="0.008" classname="com.howtodoinjava.test.LoginPage"/>
</testsuite> <!-- com.howtodoinjava.test.LoginPage -->
