<?xml version="1.0" encoding="UTF-8"?>
<!-- Generated by org.testng.reporters.JUnitReportReporter -->
<testsuite hostname="LNGOXFW-213550V" name="com.howtodoinjava.test.LoginPage" tests="2" failures="0" timestamp="26 Aug 2016 12:42:08 GMT" time="27.263" errors="0">
  <testcase name="testGroup1" time="0.006" classname="com.howtodoinjava.test.LoginPage"/>
  <testcase name="loginToPage" time="27.257" classname="com.howtodoinjava.test.LoginPage"/>
</testsuite> <!-- com.howtodoinjava.test.LoginPage -->
