<?xml version="1.0" encoding="UTF-8"?>
<!-- Generated by org.testng.reporters.JUnitReportReporter -->
<testsuite hostname="LNGOXFW-213550V" name="com.howtodoinjava.test.LoginPage" tests="2" failures="0" timestamp="22 Aug 2016 11:55:56 GMT" time="0.913" errors="0">
  <testcase name="testGroup1" time="0.018" classname="com.howtodoinjava.test.LoginPage"/>
  <testcase name="loginToPage" time="0.895" classname="com.howtodoinjava.test.LoginPage"/>
</testsuite> <!-- com.howtodoinjava.test.LoginPage -->
